  main.c
E:\3rdG_Trouble_Shooting\Guitar\DIY_scanf\DIY_scanf\main.c(54,5): warning C4013: 'gets'이(가) 정의되지 않았습니다. extern은 int형을 반환하는 것으로 간주합니다.
E:\3rdG_Trouble_Shooting\Guitar\DIY_scanf\DIY_scanf\main.c(55,31): warning C4090: '함수': 'const' 한정자가 서로 다릅니다.
E:\3rdG_Trouble_Shooting\Guitar\DIY_scanf\DIY_scanf\main.c(84,54): warning C4267: '함수': 'size_t'에서 'int'(으)로 변환하면서 데이터가 손실될 수 있습니다.
E:\3rdG_Trouble_Shooting\Guitar\DIY_scanf\DIY_scanf\main.c(85,56): warning C4267: '함수': 'size_t'에서 'int'(으)로 변환하면서 데이터가 손실될 수 있습니다.
E:\3rdG_Trouble_Shooting\Guitar\DIY_scanf\DIY_scanf\main.c(85,72): warning C4244: '=': '__int64'에서 'int'(으)로 변환하면서 데이터가 손실될 수 있습니다.
E:\3rdG_Trouble_Shooting\Guitar\DIY_scanf\DIY_scanf\main.c(94,63): warning C4267: '함수': 'size_t'에서 'int'(으)로 변환하면서 데이터가 손실될 수 있습니다.
E:\3rdG_Trouble_Shooting\Guitar\DIY_scanf\DIY_scanf\main.c(94,68): warning C4267: '함수': 'size_t'에서 'int'(으)로 변환하면서 데이터가 손실될 수 있습니다.
E:\3rdG_Trouble_Shooting\Guitar\DIY_scanf\DIY_scanf\main.c(99,54): warning C4267: '함수': 'size_t'에서 'int'(으)로 변환하면서 데이터가 손실될 수 있습니다.
E:\3rdG_Trouble_Shooting\Guitar\DIY_scanf\DIY_scanf\main.c(100,56): warning C4267: '함수': 'size_t'에서 'int'(으)로 변환하면서 데이터가 손실될 수 있습니다.
E:\3rdG_Trouble_Shooting\Guitar\DIY_scanf\DIY_scanf\main.c(100,72): warning C4244: '=': '__int64'에서 'int'(으)로 변환하면서 데이터가 손실될 수 있습니다.
E:\3rdG_Trouble_Shooting\Guitar\DIY_scanf\DIY_scanf\main.c(107,63): warning C4267: '함수': 'size_t'에서 'int'(으)로 변환하면서 데이터가 손실될 수 있습니다.
E:\3rdG_Trouble_Shooting\Guitar\DIY_scanf\DIY_scanf\main.c(107,68): warning C4267: '함수': 'size_t'에서 'int'(으)로 변환하면서 데이터가 손실될 수 있습니다.
E:\3rdG_Trouble_Shooting\Guitar\DIY_scanf\DIY_scanf\main.c(111,54): warning C4267: '함수': 'size_t'에서 'int'(으)로 변환하면서 데이터가 손실될 수 있습니다.
E:\3rdG_Trouble_Shooting\Guitar\DIY_scanf\DIY_scanf\main.c(112,56): warning C4267: '함수': 'size_t'에서 'int'(으)로 변환하면서 데이터가 손실될 수 있습니다.
E:\3rdG_Trouble_Shooting\Guitar\DIY_scanf\DIY_scanf\main.c(112,72): warning C4244: '=': '__int64'에서 'int'(으)로 변환하면서 데이터가 손실될 수 있습니다.
E:\3rdG_Trouble_Shooting\Guitar\DIY_scanf\DIY_scanf\main.c(119,63): warning C4267: '함수': 'size_t'에서 'int'(으)로 변환하면서 데이터가 손실될 수 있습니다.
E:\3rdG_Trouble_Shooting\Guitar\DIY_scanf\DIY_scanf\main.c(119,68): warning C4267: '함수': 'size_t'에서 'int'(으)로 변환하면서 데이터가 손실될 수 있습니다.
E:\3rdG_Trouble_Shooting\Guitar\DIY_scanf\DIY_scanf\main.c(130,37): warning C4267: '함수': 'size_t'에서 'int'(으)로 변환하면서 데이터가 손실될 수 있습니다.
E:\3rdG_Trouble_Shooting\Guitar\DIY_scanf\DIY_scanf\main.c(130,52): warning C4267: '함수': 'size_t'에서 'int'(으)로 변환하면서 데이터가 손실될 수 있습니다.
E:\3rdG_Trouble_Shooting\Guitar\DIY_scanf\DIY_scanf\main.c(57,15): warning C4267: '초기화 중': 'size_t'에서 'int'(으)로 변환하면서 데이터가 손실될 수 있습니다.
E:\3rdG_Trouble_Shooting\Guitar\DIY_scanf\DIY_scanf\main.c(63,5): warning C4996: 'strcpy': This function or variable may be unsafe. Consider using strcpy_s instead. To disable deprecation, use _CRT_SECURE_NO_WARNINGS. See online help for details.
E:\3rdG_Trouble_Shooting\Guitar\DIY_scanf\DIY_scanf\main.c(71,19): warning C4996: 'strtok': This function or variable may be unsafe. Consider using strtok_s instead. To disable deprecation, use _CRT_SECURE_NO_WARNINGS. See online help for details.
E:\3rdG_Trouble_Shooting\Guitar\DIY_scanf\DIY_scanf\main.c(117,17): warning C4996: 'strcpy': This function or variable may be unsafe. Consider using strcpy_s instead. To disable deprecation, use _CRT_SECURE_NO_WARNINGS. See online help for details.
E:\3rdG_Trouble_Shooting\Guitar\DIY_scanf\DIY_scanf\main.c(134,17): warning C4996: 'strtok': This function or variable may be unsafe. Consider using strtok_s instead. To disable deprecation, use _CRT_SECURE_NO_WARNINGS. See online help for details.
E:\3rdG_Trouble_Shooting\Guitar\DIY_scanf\DIY_scanf\main.c(169,9): warning C4101: 'age' :참조되지 않은 지역 변수입니다.
E:\3rdG_Trouble_Shooting\Guitar\DIY_scanf\DIY_scanf\main.c(166): warning C4715: 'FileScanf': 모든 제어 경로에서 값을 반환하지는 않습니다.
  DIY_scanf.vcxproj -> E:\3rdG_Trouble_Shooting\Guitar\DIY_scanf\x64\Debug\DIY_scanf.exe
