  main.c
E:\3rdG_Trouble_Shooting\10주차\FileScanf\FileScanf\main.c(57,54): warning C4267: '함수': 'size_t'에서 'int'(으)로 변환하면서 데이터가 손실될 수 있습니다.
E:\3rdG_Trouble_Shooting\10주차\FileScanf\FileScanf\main.c(58,56): warning C4267: '함수': 'size_t'에서 'int'(으)로 변환하면서 데이터가 손실될 수 있습니다.
E:\3rdG_Trouble_Shooting\10주차\FileScanf\FileScanf\main.c(58,72): warning C4244: '=': '__int64'에서 'int'(으)로 변환하면서 데이터가 손실될 수 있습니다.
E:\3rdG_Trouble_Shooting\10주차\FileScanf\FileScanf\main.c(66,63): warning C4267: '함수': 'size_t'에서 'int'(으)로 변환하면서 데이터가 손실될 수 있습니다.
E:\3rdG_Trouble_Shooting\10주차\FileScanf\FileScanf\main.c(66,68): warning C4267: '함수': 'size_t'에서 'int'(으)로 변환하면서 데이터가 손실될 수 있습니다.
E:\3rdG_Trouble_Shooting\10주차\FileScanf\FileScanf\main.c(71,54): warning C4267: '함수': 'size_t'에서 'int'(으)로 변환하면서 데이터가 손실될 수 있습니다.
E:\3rdG_Trouble_Shooting\10주차\FileScanf\FileScanf\main.c(72,56): warning C4267: '함수': 'size_t'에서 'int'(으)로 변환하면서 데이터가 손실될 수 있습니다.
E:\3rdG_Trouble_Shooting\10주차\FileScanf\FileScanf\main.c(72,72): warning C4244: '=': '__int64'에서 'int'(으)로 변환하면서 데이터가 손실될 수 있습니다.
E:\3rdG_Trouble_Shooting\10주차\FileScanf\FileScanf\main.c(84,63): warning C4267: '함수': 'size_t'에서 'int'(으)로 변환하면서 데이터가 손실될 수 있습니다.
E:\3rdG_Trouble_Shooting\10주차\FileScanf\FileScanf\main.c(84,68): warning C4267: '함수': 'size_t'에서 'int'(으)로 변환하면서 데이터가 손실될 수 있습니다.
E:\3rdG_Trouble_Shooting\10주차\FileScanf\FileScanf\main.c(88,54): warning C4267: '함수': 'size_t'에서 'int'(으)로 변환하면서 데이터가 손실될 수 있습니다.
E:\3rdG_Trouble_Shooting\10주차\FileScanf\FileScanf\main.c(89,56): warning C4267: '함수': 'size_t'에서 'int'(으)로 변환하면서 데이터가 손실될 수 있습니다.
E:\3rdG_Trouble_Shooting\10주차\FileScanf\FileScanf\main.c(89,72): warning C4244: '=': '__int64'에서 'int'(으)로 변환하면서 데이터가 손실될 수 있습니다.
E:\3rdG_Trouble_Shooting\10주차\FileScanf\FileScanf\main.c(103,62): warning C4267: '함수': 'size_t'에서 'int'(으)로 변환하면서 데이터가 손실될 수 있습니다.
E:\3rdG_Trouble_Shooting\10주차\FileScanf\FileScanf\main.c(103,66): warning C4267: '함수': 'size_t'에서 'int'(으)로 변환하면서 데이터가 손실될 수 있습니다.
E:\3rdG_Trouble_Shooting\10주차\FileScanf\FileScanf\main.c(113,37): warning C4267: '함수': 'size_t'에서 'int'(으)로 변환하면서 데이터가 손실될 수 있습니다.
E:\3rdG_Trouble_Shooting\10주차\FileScanf\FileScanf\main.c(113,52): warning C4267: '함수': 'size_t'에서 'int'(으)로 변환하면서 데이터가 손실될 수 있습니다.
E:\3rdG_Trouble_Shooting\10주차\FileScanf\FileScanf\main.c(33,15): warning C4267: '초기화 중': 'size_t'에서 'int'(으)로 변환하면서 데이터가 손실될 수 있습니다.
E:\3rdG_Trouble_Shooting\10주차\FileScanf\FileScanf\main.c(38,5): warning C4996: 'strcpy': This function or variable may be unsafe. Consider using strcpy_s instead. To disable deprecation, use _CRT_SECURE_NO_WARNINGS. See online help for details.
E:\3rdG_Trouble_Shooting\10주차\FileScanf\FileScanf\main.c(44,19): warning C4996: 'strtok': This function or variable may be unsafe. Consider using strtok_s instead. To disable deprecation, use _CRT_SECURE_NO_WARNINGS. See online help for details.
E:\3rdG_Trouble_Shooting\10주차\FileScanf\FileScanf\main.c(99,17): warning C4996: 'strcpy': This function or variable may be unsafe. Consider using strcpy_s instead. To disable deprecation, use _CRT_SECURE_NO_WARNINGS. See online help for details.
E:\3rdG_Trouble_Shooting\10주차\FileScanf\FileScanf\main.c(116,17): warning C4996: 'strtok': This function or variable may be unsafe. Consider using strtok_s instead. To disable deprecation, use _CRT_SECURE_NO_WARNINGS. See online help for details.
E:\3rdG_Trouble_Shooting\10주차\FileScanf\FileScanf\main.c(126,10): warning C4996: 'fopen': This function or variable may be unsafe. Consider using fopen_s instead. To disable deprecation, use _CRT_SECURE_NO_WARNINGS. See online help for details.
  FileScanf.vcxproj -> E:\3rdG_Trouble_Shooting\10주차\FileScanf\x64\Debug\FileScanf.exe
